# JRE version: Java(TM) SE Runtime Environment (8.0_241-b07) (build 1.8.0_241-b07)
# Java VM: Java HotSpot(TM) 64-Bit Server VM (25.241-b07 mixed mode windows-amd64 compressed oops)
Heap:
 PSYoungGen      total 113152K, used 41906K [0x000000076b180000, 0x0000000773180000, 0x00000007c0000000)
  eden space 102400K, 35% used [0x000000076b180000,0x000000076d4a4c00,0x0000000771580000)
  from space 10752K, 55% used [0x0000000772000000,0x00000007725c7c18,0x0000000772a80000)
  to   space 10752K, 0% used [0x0000000771580000,0x0000000771580000,0x0000000772000000)
 ParOldGen       total 253440K, used 84968K [0x00000006c1400000, 0x00000006d0b80000, 0x000000076b180000)
  object space 253440K, 33% used [0x00000006c1400000,0x00000006c66fa108,0x00000006d0b80000)
 Metaspace       used 25720K, capacity 27422K, committed 27520K, reserved 1073152K
  class space    used 3568K, capacity 3884K, committed 3968K, reserved 1048576K
GC Heap History (10 events):
Event: 8.030 GC heap before
{Heap before GC invocations=2 (full 0):
 PSYoungGen      total 76288K, used 48816K [0x000000076b180000, 0x0000000770680000, 0x00000007c0000000)
  eden space 65536K, 58% used [0x000000076b180000,0x000000076d6ad8b8,0x000000076f180000)
  from space 10752K, 99% used [0x000000076f180000,0x000000076fbfe810,0x000000076fc00000)
  to   space 10752K, 0% used [0x000000076fc00000,0x000000076fc00000,0x0000000770680000)
 ParOldGen       total 175104K, used 475K [0x00000006c1400000, 0x00000006cbf00000, 0x000000076b180000)
  object space 175104K, 0% used [0x00000006c1400000,0x00000006c1476de8,0x00000006cbf00000)
 Metaspace       used 20445K, capacity 21168K, committed 21248K, reserved 1067008K
  class space    used 2796K, capacity 3011K, committed 3072K, reserved 1048576K
Event: 8.036 GC heap after
Heap after GC invocations=2 (full 0):
 PSYoungGen      total 76288K, used 10737K [0x000000076b180000, 0x0000000770680000, 0x00000007c0000000)
  eden space 65536K, 0% used [0x000000076b180000,0x000000076b180000,0x000000076f180000)
  from space 10752K, 99% used [0x000000076fc00000,0x000000077067c670,0x0000000770680000)
  to   space 10752K, 0% used [0x000000076f180000,0x000000076f180000,0x000000076fc00000)
 ParOldGen       total 175104K, used 5145K [0x00000006c1400000, 0x00000006cbf00000, 0x000000076b180000)
  object space 175104K, 2% used [0x00000006c1400000,0x00000006c1906780,0x00000006cbf00000)
 Metaspace       used 20445K, capacity 21168K, committed 21248K, reserved 1067008K
  class space    used 2796K, capacity 3011K, committed 3072K, reserved 1048576K
}
Event: 8.036 GC heap before
{Heap before GC invocations=3 (full 1):
 PSYoungGen      total 76288K, used 10737K [0x000000076b180000, 0x0000000770680000, 0x00000007c0000000)
  eden space 65536K, 0% used [0x000000076b180000,0x000000076b180000,0x000000076f180000)
  from space 10752K, 99% used [0x000000076fc00000,0x000000077067c670,0x0000000770680000)
  to   space 10752K, 0% used [0x000000076f180000,0x000000076f180000,0x000000076fc00000)
 ParOldGen       total 175104K, used 5145K [0x00000006c1400000, 0x00000006cbf00000, 0x000000076b180000)
  object space 175104K, 2% used [0x00000006c1400000,0x00000006c1906780,0x00000006cbf00000)
 Metaspace       used 20445K, capacity 21168K, committed 21248K, reserved 1067008K
  class space    used 2796K, capacity 3011K, committed 3072K, reserved 1048576K
Event: 8.081 GC heap after
Heap after GC invocations=3 (full 1):
 PSYoungGen      total 76288K, used 0K [0x000000076b180000, 0x0000000770680000, 0x00000007c0000000)
  eden space 65536K, 0% used [0x000000076b180000,0x000000076b180000,0x000000076f180000)
  from space 10752K, 0% used [0x000000076fc00000,0x000000076fc00000,0x0000000770680000)
  to   space 10752K, 0% used [0x000000076f180000,0x000000076f180000,0x000000076fc00000)
 ParOldGen       total 86528K, used 14891K [0x00000006c1400000, 0x00000006c6880000, 0x000000076b180000)
  object space 86528K, 17% used [0x00000006c1400000,0x00000006c228af10,0x00000006c6880000)
 Metaspace       used 20445K, capacity 21168K, committed 21248K, reserved 1067008K
  class space    used 2796K, capacity 3011K, committed 3072K, reserved 1048576K
}
Event: 8.399 GC heap before
{Heap before GC invocations=4 (full 1):
 PSYoungGen      total 76288K, used 65536K [0x000000076b180000, 0x0000000770680000, 0x00000007c0000000)
  eden space 65536K, 100% used [0x000000076b180000,0x000000076f180000,0x000000076f180000)
  from space 10752K, 0% used [0x000000076fc00000,0x000000076fc00000,0x0000000770680000)
  to   space 10752K, 0% used [0x000000076f180000,0x000000076f180000,0x000000076fc00000)
 ParOldGen       total 86528K, used 14891K [0x00000006c1400000, 0x00000006c6880000, 0x000000076b180000)
  object space 86528K, 17% used [0x00000006c1400000,0x00000006c228af10,0x00000006c6880000)
 Metaspace       used 21832K, capacity 22812K, committed 23040K, reserved 1069056K
  class space    used 3076K, capacity 3323K, committed 3328K, reserved 1048576K
Event: 8.405 GC heap after
Heap after GC invocations=4 (full 1):
 PSYoungGen      total 76288K, used 7790K [0x000000076b180000, 0x0000000772a80000, 0x00000007c0000000)
  eden space 65536K, 0% used [0x000000076b180000,0x000000076b180000,0x000000076f180000)
  from space 10752K, 72% used [0x000000076f180000,0x000000076f91bb38,0x000000076fc00000)
  to   space 10752K, 0% used [0x0000000772000000,0x0000000772000000,0x0000000772a80000)
 ParOldGen       total 86528K, used 43024K [0x00000006c1400000, 0x00000006c6880000, 0x000000076b180000)
  object space 86528K, 49% used [0x00000006c1400000,0x00000006c3e04360,0x00000006c6880000)
 Metaspace       used 21832K, capacity 22812K, committed 23040K, reserved 1069056K
  class space    used 3076K, capacity 3323K, committed 3328K, reserved 1048576K
}
Event: 8.931 GC heap before
{Heap before GC invocations=5 (full 1):
 PSYoungGen      total 76288K, used 73326K [0x000000076b180000, 0x0000000772a80000, 0x00000007c0000000)
  eden space 65536K, 100% used [0x000000076b180000,0x000000076f180000,0x000000076f180000)
  from space 10752K, 72% used [0x000000076f180000,0x000000076f91bb38,0x000000076fc00000)
  to   space 10752K, 0% used [0x0000000772000000,0x0000000772000000,0x0000000772a80000)
 ParOldGen       total 86528K, used 43024K [0x00000006c1400000, 0x00000006c6880000, 0x000000076b180000)
  object space 86528K, 49% used [0x00000006c1400000,0x00000006c3e04360,0x00000006c6880000)
 Metaspace       used 23135K, capacity 24422K, committed 24576K, reserved 1071104K
  class space    used 3272K, capacity 3536K, committed 3584K, reserved 1048576K
Event: 8.944 GC heap after
Heap after GC invocations=5 (full 1):
 PSYoungGen      total 113152K, used 10745K [0x000000076b180000, 0x0000000773180000, 0x00000007c0000000)
  eden space 102400K, 0% used [0x000000076b180000,0x000000076b180000,0x0000000771580000)
  from space 10752K, 99% used [0x0000000772000000,0x0000000772a7e7b8,0x0000000772a80000)
  to   space 10752K, 0% used [0x0000000771580000,0x0000000771580000,0x0000000772000000)
 ParOldGen       total 86528K, used 80409K [0x00000006c1400000, 0x00000006c6880000, 0x000000076b180000)
  object space 86528K, 92% used [0x00000006c1400000,0x00000006c62864f0,0x00000006c6880000)
 Metaspace       used 23135K, capacity 24422K, committed 24576K, reserved 1071104K
  class space    used 3272K, capacity 3536K, committed 3584K, reserved 1048576K
}
Event: 8.944 GC heap before
{Heap before GC invocations=6 (full 2):
 PSYoungGen      total 113152K, used 10745K [0x000000076b180000, 0x0000000773180000, 0x00000007c0000000)
  eden space 102400K, 0% used [0x000000076b180000,0x000000076b180000,0x0000000771580000)
  from space 10752K, 99% used [0x0000000772000000,0x0000000772a7e7b8,0x0000000772a80000)
  to   space 10752K, 0% used [0x0000000771580000,0x0000000771580000,0x0000000772000000)
 ParOldGen       total 86528K, used 80409K [0x00000006c1400000, 0x00000006c6880000, 0x000000076b180000)
  object space 86528K, 92% used [0x00000006c1400000,0x00000006c62864f0,0x00000006c6880000)
 Metaspace       used 23135K, capacity 24422K, committed 24576K, reserved 1071104K
  class space    used 3272K, capacity 3536K, committed 3584K, reserved 1048576K
Event: 9.062 GC heap after
Heap after GC invocations=6 (full 2):
 PSYoungGen      total 113152K, used 5919K [0x000000076b180000, 0x0000000773180000, 0x00000007c0000000)
  eden space 102400K, 0% used [0x000000076b180000,0x000000076b180000,0x0000000771580000)
  from space 10752K, 55% used [0x0000000772000000,0x00000007725c7c18,0x0000000772a80000)
  to   space 10752K, 0% used [0x0000000771580000,0x0000000771580000,0x0000000772000000)
 ParOldGen       total 253440K, used 84968K [0x00000006c1400000, 0x00000006d0b80000, 0x000000076b180000)
  object space 253440K, 33% used [0x00000006c1400000,0x00000006c66fa108,0x00000006d0b80000)
 Metaspace       used 23135K, capacity 24422K, committed 24576K, reserved 1071104K
  class space    used 3272K, capacity 3536K, committed 3584K, reserved 1048576K
}

