# JRE version: Java(TM) SE Runtime Environment (8.0_241-b07) (build 1.8.0_241-b07)
# Java VM: Java HotSpot(TM) 64-Bit Server VM (25.241-b07 mixed mode windows-amd64 compressed oops)
Heap:
 PSYoungGen      total 119296K, used 47736K [0x000000076b180000, 0x0000000773480000, 0x00000007c0000000)
  eden space 108544K, 35% used [0x000000076b180000,0x000000076d6a2fa8,0x0000000771b80000)
  from space 10752K, 90% used [0x0000000772600000,0x0000000772f7b428,0x0000000773080000)
  to   space 10752K, 0% used [0x0000000771b80000,0x0000000771b80000,0x0000000772600000)
 ParOldGen       total 250368K, used 81279K [0x00000006c1400000, 0x00000006d0880000, 0x000000076b180000)
  object space 250368K, 32% used [0x00000006c1400000,0x00000006c635ff68,0x00000006d0880000)
 Metaspace       used 25443K, capacity 27070K, committed 27264K, reserved 1073152K
  class space    used 3543K, capacity 3850K, committed 3968K, reserved 1048576K
GC Heap History (10 events):
Event: 9.981 GC heap before
{Heap before GC invocations=2 (full 0):
 PSYoungGen      total 76288K, used 48308K [0x000000076b180000, 0x0000000770680000, 0x00000007c0000000)
  eden space 65536K, 57% used [0x000000076b180000,0x000000076d6344b0,0x000000076f180000)
  from space 10752K, 99% used [0x000000076f180000,0x000000076fbf8b80,0x000000076fc00000)
  to   space 10752K, 0% used [0x000000076fc00000,0x000000076fc00000,0x0000000770680000)
 ParOldGen       total 175104K, used 507K [0x00000006c1400000, 0x00000006cbf00000, 0x000000076b180000)
  object space 175104K, 0% used [0x00000006c1400000,0x00000006c147ed70,0x00000006cbf00000)
 Metaspace       used 20476K, capacity 21196K, committed 21296K, reserved 1067008K
  class space    used 2795K, capacity 3011K, committed 3072K, reserved 1048576K
Event: 9.988 GC heap after
Heap after GC invocations=2 (full 0):
 PSYoungGen      total 76288K, used 10744K [0x000000076b180000, 0x0000000770680000, 0x00000007c0000000)
  eden space 65536K, 0% used [0x000000076b180000,0x000000076b180000,0x000000076f180000)
  from space 10752K, 99% used [0x000000076fc00000,0x000000077067e010,0x0000000770680000)
  to   space 10752K, 0% used [0x000000076f180000,0x000000076f180000,0x000000076fc00000)
 ParOldGen       total 175104K, used 5215K [0x00000006c1400000, 0x00000006cbf00000, 0x000000076b180000)
  object space 175104K, 2% used [0x00000006c1400000,0x00000006c1917c50,0x00000006cbf00000)
 Metaspace       used 20476K, capacity 21196K, committed 21296K, reserved 1067008K
  class space    used 2795K, capacity 3011K, committed 3072K, reserved 1048576K
}
Event: 9.988 GC heap before
{Heap before GC invocations=3 (full 1):
 PSYoungGen      total 76288K, used 10744K [0x000000076b180000, 0x0000000770680000, 0x00000007c0000000)
  eden space 65536K, 0% used [0x000000076b180000,0x000000076b180000,0x000000076f180000)
  from space 10752K, 99% used [0x000000076fc00000,0x000000077067e010,0x0000000770680000)
  to   space 10752K, 0% used [0x000000076f180000,0x000000076f180000,0x000000076fc00000)
 ParOldGen       total 175104K, used 5215K [0x00000006c1400000, 0x00000006cbf00000, 0x000000076b180000)
  object space 175104K, 2% used [0x00000006c1400000,0x00000006c1917c50,0x00000006cbf00000)
 Metaspace       used 20476K, capacity 21196K, committed 21296K, reserved 1067008K
  class space    used 2795K, capacity 3011K, committed 3072K, reserved 1048576K
Event: 10.031 GC heap after
Heap after GC invocations=3 (full 1):
 PSYoungGen      total 76288K, used 0K [0x000000076b180000, 0x0000000770680000, 0x00000007c0000000)
  eden space 65536K, 0% used [0x000000076b180000,0x000000076b180000,0x000000076f180000)
  from space 10752K, 0% used [0x000000076fc00000,0x000000076fc00000,0x0000000770680000)
  to   space 10752K, 0% used [0x000000076f180000,0x000000076f180000,0x000000076fc00000)
 ParOldGen       total 86528K, used 14900K [0x00000006c1400000, 0x00000006c6880000, 0x000000076b180000)
  object space 86528K, 17% used [0x00000006c1400000,0x00000006c228d3b0,0x00000006c6880000)
 Metaspace       used 20476K, capacity 21196K, committed 21296K, reserved 1067008K
  class space    used 2795K, capacity 3011K, committed 3072K, reserved 1048576K
}
Event: 10.370 GC heap before
{Heap before GC invocations=4 (full 1):
 PSYoungGen      total 76288K, used 65536K [0x000000076b180000, 0x0000000770680000, 0x00000007c0000000)
  eden space 65536K, 100% used [0x000000076b180000,0x000000076f180000,0x000000076f180000)
  from space 10752K, 0% used [0x000000076fc00000,0x000000076fc00000,0x0000000770680000)
  to   space 10752K, 0% used [0x000000076f180000,0x000000076f180000,0x000000076fc00000)
 ParOldGen       total 86528K, used 14900K [0x00000006c1400000, 0x00000006c6880000, 0x000000076b180000)
  object space 86528K, 17% used [0x00000006c1400000,0x00000006c228d3b0,0x00000006c6880000)
 Metaspace       used 21857K, capacity 22840K, committed 23040K, reserved 1069056K
  class space    used 3077K, capacity 3323K, committed 3328K, reserved 1048576K
Event: 10.378 GC heap after
Heap after GC invocations=4 (full 1):
 PSYoungGen      total 76288K, used 7733K [0x000000076b180000, 0x0000000773080000, 0x00000007c0000000)
  eden space 65536K, 0% used [0x000000076b180000,0x000000076b180000,0x000000076f180000)
  from space 10752K, 71% used [0x000000076f180000,0x000000076f90d428,0x000000076fc00000)
  to   space 10752K, 0% used [0x0000000772600000,0x0000000772600000,0x0000000773080000)
 ParOldGen       total 86528K, used 43034K [0x00000006c1400000, 0x00000006c6880000, 0x000000076b180000)
  object space 86528K, 49% used [0x00000006c1400000,0x00000006c3e06800,0x00000006c6880000)
 Metaspace       used 21857K, capacity 22840K, committed 23040K, reserved 1069056K
  class space    used 3077K, capacity 3323K, committed 3328K, reserved 1048576K
}
Event: 10.909 GC heap before
{Heap before GC invocations=5 (full 1):
 PSYoungGen      total 76288K, used 73269K [0x000000076b180000, 0x0000000773080000, 0x00000007c0000000)
  eden space 65536K, 100% used [0x000000076b180000,0x000000076f180000,0x000000076f180000)
  from space 10752K, 71% used [0x000000076f180000,0x000000076f90d428,0x000000076fc00000)
  to   space 10752K, 0% used [0x0000000772600000,0x0000000772600000,0x0000000773080000)
 ParOldGen       total 86528K, used 43034K [0x00000006c1400000, 0x00000006c6880000, 0x000000076b180000)
  object space 86528K, 49% used [0x00000006c1400000,0x00000006c3e06800,0x00000006c6880000)
 Metaspace       used 23113K, capacity 24362K, committed 24576K, reserved 1071104K
  class space    used 3273K, capacity 3536K, committed 3584K, reserved 1048576K
Event: 10.920 GC heap after
Heap after GC invocations=5 (full 1):
 PSYoungGen      total 119296K, used 10745K [0x000000076b180000, 0x0000000773480000, 0x00000007c0000000)
  eden space 108544K, 0% used [0x000000076b180000,0x000000076b180000,0x0000000771b80000)
  from space 10752K, 99% used [0x0000000772600000,0x000000077307e708,0x0000000773080000)
  to   space 10752K, 0% used [0x0000000771b80000,0x0000000771b80000,0x0000000772600000)
 ParOldGen       total 86528K, used 80522K [0x00000006c1400000, 0x00000006c6880000, 0x000000076b180000)
  object space 86528K, 93% used [0x00000006c1400000,0x00000006c62a2a40,0x00000006c6880000)
 Metaspace       used 23113K, capacity 24362K, committed 24576K, reserved 1071104K
  class space    used 3273K, capacity 3536K, committed 3584K, reserved 1048576K
}
Event: 10.920 GC heap before
{Heap before GC invocations=6 (full 2):
 PSYoungGen      total 119296K, used 10745K [0x000000076b180000, 0x0000000773480000, 0x00000007c0000000)
  eden space 108544K, 0% used [0x000000076b180000,0x000000076b180000,0x0000000771b80000)
  from space 10752K, 99% used [0x0000000772600000,0x000000077307e708,0x0000000773080000)
  to   space 10752K, 0% used [0x0000000771b80000,0x0000000771b80000,0x0000000772600000)
 ParOldGen       total 86528K, used 80522K [0x00000006c1400000, 0x00000006c6880000, 0x000000076b180000)
  object space 86528K, 93% used [0x00000006c1400000,0x00000006c62a2a40,0x00000006c6880000)
 Metaspace       used 23113K, capacity 24362K, committed 24576K, reserved 1071104K
  class space    used 3273K, capacity 3536K, committed 3584K, reserved 1048576K
Event: 11.050 GC heap after
Heap after GC invocations=6 (full 2):
 PSYoungGen      total 119296K, used 9709K [0x000000076b180000, 0x0000000773480000, 0x00000007c0000000)
  eden space 108544K, 0% used [0x000000076b180000,0x000000076b180000,0x0000000771b80000)
  from space 10752K, 90% used [0x0000000772600000,0x0000000772f7b428,0x0000000773080000)
  to   space 10752K, 0% used [0x0000000771b80000,0x0000000771b80000,0x0000000772600000)
 ParOldGen       total 250368K, used 81279K [0x00000006c1400000, 0x00000006d0880000, 0x000000076b180000)
  object space 250368K, 32% used [0x00000006c1400000,0x00000006c635ff68,0x00000006d0880000)
 Metaspace       used 23113K, capacity 24362K, committed 24576K, reserved 1071104K
  class space    used 3273K, capacity 3536K, committed 3584K, reserved 1048576K
}

