# JRE version: Java(TM) SE Runtime Environment (8.0_241-b07) (build 1.8.0_241-b07)
# Java VM: Java HotSpot(TM) 64-Bit Server VM (25.241-b07 mixed mode windows-amd64 compressed oops)
Heap:
 PSYoungGen      total 118272K, used 48817K [0x000000076b180000, 0x0000000773780000, 0x00000007c0000000)
  eden space 107520K, 36% used [0x000000076b180000,0x000000076d83e478,0x0000000771a80000)
  from space 10752K, 85% used [0x0000000772500000,0x0000000772dee310,0x0000000772f80000)
  to   space 10752K, 0% used [0x0000000771a80000,0x0000000771a80000,0x0000000772500000)
 ParOldGen       total 249856K, used 82110K [0x00000006c1400000, 0x00000006d0800000, 0x000000076b180000)
  object space 249856K, 32% used [0x00000006c1400000,0x00000006c642f8e0,0x00000006d0800000)
 Metaspace       used 25755K, capacity 27462K, committed 27776K, reserved 1073152K
  class space    used 3574K, capacity 3890K, committed 3968K, reserved 1048576K
GC Heap History (10 events):
Event: 10.673 GC heap before
{Heap before GC invocations=2 (full 0):
 PSYoungGen      total 76288K, used 48162K [0x000000076b180000, 0x0000000770680000, 0x00000007c0000000)
  eden space 65536K, 57% used [0x000000076b180000,0x000000076d60c960,0x000000076f180000)
  from space 10752K, 99% used [0x000000076f180000,0x000000076fbfbee0,0x000000076fc00000)
  to   space 10752K, 0% used [0x000000076fc00000,0x000000076fc00000,0x0000000770680000)
 ParOldGen       total 175104K, used 449K [0x00000006c1400000, 0x00000006cbf00000, 0x000000076b180000)
  object space 175104K, 0% used [0x00000006c1400000,0x00000006c1470590,0x00000006cbf00000)
 Metaspace       used 20461K, capacity 21162K, committed 21248K, reserved 1067008K
  class space    used 2794K, capacity 3002K, committed 3072K, reserved 1048576K
Event: 10.680 GC heap after
Heap after GC invocations=2 (full 0):
 PSYoungGen      total 76288K, used 10749K [0x000000076b180000, 0x0000000770680000, 0x00000007c0000000)
  eden space 65536K, 0% used [0x000000076b180000,0x000000076b180000,0x000000076f180000)
  from space 10752K, 99% used [0x000000076fc00000,0x000000077067f5d0,0x0000000770680000)
  to   space 10752K, 0% used [0x000000076f180000,0x000000076f180000,0x000000076fc00000)
 ParOldGen       total 175104K, used 5143K [0x00000006c1400000, 0x00000006cbf00000, 0x000000076b180000)
  object space 175104K, 2% used [0x00000006c1400000,0x00000006c1905f28,0x00000006cbf00000)
 Metaspace       used 20461K, capacity 21162K, committed 21248K, reserved 1067008K
  class space    used 2794K, capacity 3002K, committed 3072K, reserved 1048576K
}
Event: 10.680 GC heap before
{Heap before GC invocations=3 (full 1):
 PSYoungGen      total 76288K, used 10749K [0x000000076b180000, 0x0000000770680000, 0x00000007c0000000)
  eden space 65536K, 0% used [0x000000076b180000,0x000000076b180000,0x000000076f180000)
  from space 10752K, 99% used [0x000000076fc00000,0x000000077067f5d0,0x0000000770680000)
  to   space 10752K, 0% used [0x000000076f180000,0x000000076f180000,0x000000076fc00000)
 ParOldGen       total 175104K, used 5143K [0x00000006c1400000, 0x00000006cbf00000, 0x000000076b180000)
  object space 175104K, 2% used [0x00000006c1400000,0x00000006c1905f28,0x00000006cbf00000)
 Metaspace       used 20461K, capacity 21162K, committed 21248K, reserved 1067008K
  class space    used 2794K, capacity 3002K, committed 3072K, reserved 1048576K
Event: 10.723 GC heap after
Heap after GC invocations=3 (full 1):
 PSYoungGen      total 76288K, used 0K [0x000000076b180000, 0x0000000770680000, 0x00000007c0000000)
  eden space 65536K, 0% used [0x000000076b180000,0x000000076b180000,0x000000076f180000)
  from space 10752K, 0% used [0x000000076fc00000,0x000000076fc00000,0x0000000770680000)
  to   space 10752K, 0% used [0x000000076f180000,0x000000076f180000,0x000000076fc00000)
 ParOldGen       total 86528K, used 14895K [0x00000006c1400000, 0x00000006c6880000, 0x000000076b180000)
  object space 86528K, 17% used [0x00000006c1400000,0x00000006c228bcd0,0x00000006c6880000)
 Metaspace       used 20461K, capacity 21162K, committed 21248K, reserved 1067008K
  class space    used 2794K, capacity 3002K, committed 3072K, reserved 1048576K
}
Event: 11.049 GC heap before
{Heap before GC invocations=4 (full 1):
 PSYoungGen      total 76288K, used 65536K [0x000000076b180000, 0x0000000770680000, 0x00000007c0000000)
  eden space 65536K, 100% used [0x000000076b180000,0x000000076f180000,0x000000076f180000)
  from space 10752K, 0% used [0x000000076fc00000,0x000000076fc00000,0x0000000770680000)
  to   space 10752K, 0% used [0x000000076f180000,0x000000076f180000,0x000000076fc00000)
 ParOldGen       total 86528K, used 14895K [0x00000006c1400000, 0x00000006c6880000, 0x000000076b180000)
  object space 86528K, 17% used [0x00000006c1400000,0x00000006c228bcd0,0x00000006c6880000)
 Metaspace       used 21872K, capacity 22812K, committed 23040K, reserved 1069056K
  class space    used 3072K, capacity 3315K, committed 3328K, reserved 1048576K
Event: 11.056 GC heap after
Heap after GC invocations=4 (full 1):
 PSYoungGen      total 76288K, used 8018K [0x000000076b180000, 0x0000000772f80000, 0x00000007c0000000)
  eden space 65536K, 0% used [0x000000076b180000,0x000000076b180000,0x000000076f180000)
  from space 10752K, 74% used [0x000000076f180000,0x000000076f954b80,0x000000076fc00000)
  to   space 10752K, 0% used [0x0000000772500000,0x0000000772500000,0x0000000772f80000)
 ParOldGen       total 86528K, used 43028K [0x00000006c1400000, 0x00000006c6880000, 0x000000076b180000)
  object space 86528K, 49% used [0x00000006c1400000,0x00000006c3e05120,0x00000006c6880000)
 Metaspace       used 21872K, capacity 22812K, committed 23040K, reserved 1069056K
  class space    used 3072K, capacity 3315K, committed 3328K, reserved 1048576K
}
Event: 11.604 GC heap before
{Heap before GC invocations=5 (full 1):
 PSYoungGen      total 76288K, used 73554K [0x000000076b180000, 0x0000000772f80000, 0x00000007c0000000)
  eden space 65536K, 100% used [0x000000076b180000,0x000000076f180000,0x000000076f180000)
  from space 10752K, 74% used [0x000000076f180000,0x000000076f954b80,0x000000076fc00000)
  to   space 10752K, 0% used [0x0000000772500000,0x0000000772500000,0x0000000772f80000)
 ParOldGen       total 86528K, used 43028K [0x00000006c1400000, 0x00000006c6880000, 0x000000076b180000)
  object space 86528K, 49% used [0x00000006c1400000,0x00000006c3e05120,0x00000006c6880000)
 Metaspace       used 23123K, capacity 24402K, committed 24576K, reserved 1071104K
  class space    used 3269K, capacity 3526K, committed 3584K, reserved 1048576K
Event: 11.622 GC heap after
Heap after GC invocations=5 (full 1):
 PSYoungGen      total 118272K, used 10739K [0x000000076b180000, 0x0000000773780000, 0x00000007c0000000)
  eden space 107520K, 0% used [0x000000076b180000,0x000000076b180000,0x0000000771a80000)
  from space 10752K, 99% used [0x0000000772500000,0x0000000772f7cda0,0x0000000772f80000)
  to   space 10752K, 0% used [0x0000000771a80000,0x0000000771a80000,0x0000000772500000)
 ParOldGen       total 86528K, used 80771K [0x00000006c1400000, 0x00000006c6880000, 0x000000076b180000)
  object space 86528K, 93% used [0x00000006c1400000,0x00000006c62e0cc8,0x00000006c6880000)
 Metaspace       used 23123K, capacity 24402K, committed 24576K, reserved 1071104K
  class space    used 3269K, capacity 3526K, committed 3584K, reserved 1048576K
}
Event: 11.622 GC heap before
{Heap before GC invocations=6 (full 2):
 PSYoungGen      total 118272K, used 10739K [0x000000076b180000, 0x0000000773780000, 0x00000007c0000000)
  eden space 107520K, 0% used [0x000000076b180000,0x000000076b180000,0x0000000771a80000)
  from space 10752K, 99% used [0x0000000772500000,0x0000000772f7cda0,0x0000000772f80000)
  to   space 10752K, 0% used [0x0000000771a80000,0x0000000771a80000,0x0000000772500000)
 ParOldGen       total 86528K, used 80771K [0x00000006c1400000, 0x00000006c6880000, 0x000000076b180000)
  object space 86528K, 93% used [0x00000006c1400000,0x00000006c62e0cc8,0x00000006c6880000)
 Metaspace       used 23123K, capacity 24402K, committed 24576K, reserved 1071104K
  class space    used 3269K, capacity 3526K, committed 3584K, reserved 1048576K
Event: 11.749 GC heap after
Heap after GC invocations=6 (full 2):
 PSYoungGen      total 118272K, used 9144K [0x000000076b180000, 0x0000000773780000, 0x00000007c0000000)
  eden space 107520K, 0% used [0x000000076b180000,0x000000076b180000,0x0000000771a80000)
  from space 10752K, 85% used [0x0000000772500000,0x0000000772dee310,0x0000000772f80000)
  to   space 10752K, 0% used [0x0000000771a80000,0x0000000771a80000,0x0000000772500000)
 ParOldGen       total 249856K, used 82110K [0x00000006c1400000, 0x00000006d0800000, 0x000000076b180000)
  object space 249856K, 32% used [0x00000006c1400000,0x00000006c642f8e0,0x00000006d0800000)
 Metaspace       used 23123K, capacity 24402K, committed 24576K, reserved 1071104K
  class space    used 3269K, capacity 3526K, committed 3584K, reserved 1048576K
}

